Grammar

    0 $accept: s $end

    1 s: expr

    2 expr: expr '-' expr
    3     | expr '*' expr
    4     | NUMBER


Terminals, with rules where they appear

$end (0) 0
'*' (42) 3
'-' (45) 2
error (256)
NUMBER (258) 4


Nonterminals, with rules where they appear

$accept (6)
    on left: 0
s (7)
    on left: 1, on right: 0
expr (8)
    on left: 2 3 4, on right: 1 2 3


state 0

    0 $accept: . s $end

    NUMBER  shift, and go to state 1

    s     go to state 2
    expr  go to state 3


state 1

    4 expr: NUMBER .

    $default  reduce using rule 4 (expr)


state 2

    0 $accept: s . $end

    $end  shift, and go to state 4


state 3

    1 s: expr .
    2 expr: expr . '-' expr
    3     | expr . '*' expr

    '-'  shift, and go to state 5
    '*'  shift, and go to state 6

    $default  reduce using rule 1 (s)


state 4

    0 $accept: s $end .

    $default  accept


state 5

    2 expr: expr '-' . expr

    NUMBER  shift, and go to state 1

    expr  go to state 7


state 6

    3 expr: expr '*' . expr

    NUMBER  shift, and go to state 1

    expr  go to state 8


state 7

    2 expr: expr . '-' expr
    2     | expr '-' expr .
    3     | expr . '*' expr

    '*'  shift, and go to state 6

    $default  reduce using rule 2 (expr)


state 8

    2 expr: expr . '-' expr
    3     | expr . '*' expr
    3     | expr '*' expr .

    '*'  shift, and go to state 6

    $default  reduce using rule 3 (expr)
